#
# A fatal error has been detected by the Java Runtime Environment:
#
#  EXCEPTION_ACCESS_VIOLATION (0xc0000005) at pc=0x000000005c6c18a7, pid=29308, tid=40136
#
# JRE version: Java(TM) SE Runtime Environment (8.0_60-b27) (build 1.8.0_60-b27)
# Java VM: Java HotSpot(TM) 64-Bit Server VM (25.60-b23 mixed mode windows-amd64 compressed oops)
# Problematic frame:
# V  [jvm.dll+0x2118a7]
#
# Failed to write core dump. Minidumps are not enabled by default on client versions of Windows
#
# If you would like to submit a bug report, please visit:
#   http://bugreport.java.com/bugreport/crash.jsp
#

---------------  T H R E A D  ---------------

Current thread (0x0000000019e24000):  JavaThread "pool-8-thread-31" [_thread_in_vm, id=40136, stack(0x000000001b5e0000,0x000000001b6e0000)]

siginfo: ExceptionCode=0xc0000005, writing address 0x000000001b6d94e0

Registers:
RAX=0x000000001b6d94e0, RBX=0x0000000000000007, RCX=0x0000000000006000, RDX=0x0000000000000006
RSP=0x000000001b6df4e0, RBP=0x0000000000000000, RSI=0x000000001b6df4e0, RDI=0x0000000000000007
R8 =0x0000000000000006, R9 =0x0000000008aab910, R10=0x000000000666d508, R11=0x000000001b5ea148
R12=0x0000000008aab910, R13=0x0000000019e24000, R14=0x000000001b6df5a8, R15=0x000000000666d508
RIP=0x000000005c6c18a7, EFLAGS=0x0000000000010202

Top of Stack: (sp=0x000000001b6df4e0)
0x000000001b6df4e0:   00007ffa74800000 00007ffa00000002
0x000000001b6df4f0:   0000000019e24000 0000000008aab910
0x000000001b6df500:   00000000ffffffff 000000005c6c27d7
0x000000001b6df510:   000000001b6df610 000000000666d508
0x000000001b6df520:   0000000019e24000 000000005c56f323
0x000000001b6df530:   000000001b6df570 0000000019e24000
0x000000001b6df540:   000000001b6df600 0000000019e24000
0x000000001b6df550:   000000000666d508 0000000019e24000
0x000000001b6df560:   000000000ad310e0 0000000019e24000
0x000000001b6df570:   000000000666d508 0000000019e24000
0x000000001b6df580:   000000000666d508 0000000019e24000
0x000000001b6df590:   0000000000000001 000000000666d508
0x000000001b6df5a0:   0000000019e24000 000000001d289670
0x000000001b6df5b0:   0000000019e24000 000000005c57080d
0x000000001b6df5c0:   000000001b6df8c8 00000001000069a0
0x000000001b6df5d0:   00000001000069a0 0000000000000000 

Instructions: (pc=0x000000005c6c18a7)
0x000000005c6c1887:   48 89 6c 24 30 33 ed 66 90 e8 ab 36 08 00 ff c3
0x000000005c6c1897:   48 63 c8 48 8b c6 48 0f af cf 48 ff c7 48 2b c1
0x000000005c6c18a7:   89 28 48 63 c3 48 3b 05 dd 9d 58 00 7e db 48 8b
0x000000005c6c18b7:   6c 24 30 48 8b 5c 24 38 48 8b 74 24 40 48 83 c4 


Register to memory mapping:

RAX=0x000000001b6d94e0 is pointing into the stack for thread: 0x0000000019e24000
RBX=0x0000000000000007 is an unknown value
RCX=0x0000000000006000 is an unknown value
RDX=0x0000000000000006 is an unknown value
RSP=0x000000001b6df4e0 is pointing into the stack for thread: 0x0000000019e24000
RBP=0x0000000000000000 is an unknown value
RSI=0x000000001b6df4e0 is pointing into the stack for thread: 0x0000000019e24000
RDI=0x0000000000000007 is an unknown value
R8 =0x0000000000000006 is an unknown value
R9 =0x0000000008aab910 is an unknown value
R10={method} {0x000000000666d510} 'run' '()V' in 'java/lang/Thread'
R11=0x000000001b5ea148 is pointing into the stack for thread: 0x0000000019e24000
R12=0x0000000008aab910 is an unknown value
R13=0x0000000019e24000 is a thread
R14=0x000000001b6df5a8 is pointing into the stack for thread: 0x0000000019e24000
R15={method} {0x000000000666d510} 'run' '()V' in 'java/lang/Thread'


Stack: [0x000000001b5e0000,0x000000001b6e0000],  sp=0x000000001b6df4e0,  free space=1021k
Native frames: (J=compiled Java code, j=interpreted, Vv=VM code, C=native code)


---------------  P R O C E S S  ---------------

Java Threads: ( => current thread )
=>0x0000000019e24000 JavaThread "pool-8-thread-31" [_thread_in_vm, id=40136, stack(0x000000001b5e0000,0x000000001b6e0000)]
  0x0000000019e22800 JavaThread "stdout" daemon [_thread_in_native, id=34780, stack(0x0000000024280000,0x0000000024380000)]
  0x0000000019e25800 JavaThread "stderr" daemon [_thread_in_native, id=37816, stack(0x0000000024180000,0x0000000024280000)]
  0x0000000019e1f800 JavaThread "stdout" daemon [_thread_in_native, id=26760, stack(0x0000000024080000,0x0000000024180000)]
  0x0000000019e21000 JavaThread "stderr" daemon [_thread_in_native, id=55196, stack(0x0000000023f80000,0x0000000024080000)]
  0x0000000019e21800 JavaThread "stdout" daemon [_thread_in_native, id=35652, stack(0x0000000023e80000,0x0000000023f80000)]
  0x0000000019e20000 JavaThread "stderr" daemon [_thread_in_native, id=35556, stack(0x0000000023d80000,0x0000000023e80000)]
  0x0000000019d39000 JavaThread "stdout" daemon [_thread_in_native, id=28012, stack(0x0000000023c80000,0x0000000023d80000)]
  0x0000000019d3c000 JavaThread "stderr" daemon [_thread_in_native, id=36316, stack(0x0000000023b80000,0x0000000023c80000)]
  0x0000000019d3b800 JavaThread "stdout" daemon [_thread_in_native, id=31648, stack(0x0000000023a80000,0x0000000023b80000)]
  0x0000000019d3a800 JavaThread "stderr" daemon [_thread_in_native, id=37320, stack(0x0000000023980000,0x0000000023a80000)]
  0x0000000019d38800 JavaThread "png-cruncher_5" daemon [_thread_blocked, id=35492, stack(0x0000000023880000,0x0000000023980000)]
  0x000000001f34b800 JavaThread "png-cruncher_4" daemon [_thread_blocked, id=34608, stack(0x0000000023780000,0x0000000023880000)]
  0x000000001f34e800 JavaThread "png-cruncher_3" daemon [_thread_blocked, id=24860, stack(0x0000000023680000,0x0000000023780000)]
  0x000000001f34a800 JavaThread "png-cruncher_2" daemon [_thread_blocked, id=20492, stack(0x0000000023580000,0x0000000023680000)]
  0x000000001f34d800 JavaThread "png-cruncher_1" daemon [_thread_blocked, id=37664, stack(0x0000000023480000,0x0000000023580000)]
  0x000000001f34d000 JavaThread "pool-7-thread-4" [_thread_blocked, id=36292, stack(0x0000000023380000,0x0000000023480000)]
  0x000000001f349800 JavaThread "pool-7-thread-3" [_thread_blocked, id=37208, stack(0x000000001eb50000,0x000000001ec50000)]
  0x000000001f34c000 JavaThread "pool-7-thread-2" [_thread_blocked, id=37136, stack(0x000000001e6f0000,0x000000001e7f0000)]
  0x000000001f346800 JavaThread "pool-7-thread-1" [_thread_blocked, id=33500, stack(0x000000001cfd0000,0x000000001d0d0000)]
  0x000000001f348000 JavaThread "Cache update executor" [_thread_blocked, id=33700, stack(0x000000001ccb0000,0x000000001cdb0000)]
  0x000000001f344800 JavaThread "Asynchronous log dispatcher for DefaultDaemonConnection: socket connection from /127.0.0.1:1937 to /127.0.0.1:5719" [_thread_blocked, id=14388, stack(0x000000001b4e0000,0x000000001b5e0000)]
  0x000000001f346000 JavaThread "Daemon worker Thread 3" [_thread_blocked, id=48160, stack(0x000000001b3e0000,0x000000001b4e0000)]
  0x000000001f340000 JavaThread "Cancel handler" [_thread_blocked, id=36392, stack(0x000000001b2e0000,0x000000001b3e0000)]
  0x000000001f343000 JavaThread "Handler for socket connection from /127.0.0.1:1937 to /127.0.0.1:5719" [_thread_blocked, id=35408, stack(0x000000001b1e0000,0x000000001b2e0000)]
  0x000000001f33f000 JavaThread "Daemon Thread 3" [_thread_blocked, id=33272, stack(0x000000001b0e0000,0x000000001b1e0000)]
  0x0000000019d37800 JavaThread "File lock request listener" [_thread_in_native, id=29404, stack(0x000000001e850000,0x000000001e950000)]
  0x0000000009d68800 JavaThread "Incoming local TCP Connector on port 1937" [_thread_in_native, id=28720, stack(0x000000001acf0000,0x000000001adf0000)]
  0x0000000009c78000 JavaThread "pool-1-thread-1" [_thread_blocked, id=30396, stack(0x000000000a9f0000,0x000000000aaf0000)]
  0x000000000703d800 JavaThread "Service Thread" daemon [_thread_blocked, id=31328, stack(0x0000000008d40000,0x0000000008e40000)]
  0x0000000006feb800 JavaThread "C1 CompilerThread2" daemon [_thread_blocked, id=39736, stack(0x0000000008840000,0x0000000008940000)]
  0x0000000006fdf800 JavaThread "C2 CompilerThread1" daemon [_thread_blocked, id=33368, stack(0x0000000008740000,0x0000000008840000)]
  0x0000000006fdb800 JavaThread "C2 CompilerThread0" daemon [_thread_blocked, id=27576, stack(0x0000000008640000,0x0000000008740000)]
  0x0000000006fda000 JavaThread "Attach Listener" daemon [_thread_blocked, id=32912, stack(0x0000000008540000,0x0000000008640000)]
  0x0000000006fd9000 JavaThread "Signal Dispatcher" daemon [_thread_blocked, id=13356, stack(0x0000000008440000,0x0000000008540000)]
  0x0000000002665800 JavaThread "Finalizer" daemon [_thread_blocked, id=49056, stack(0x0000000008260000,0x0000000008360000)]
  0x000000000265d000 JavaThread "Reference Handler" daemon [_thread_blocked, id=23864, stack(0x0000000008160000,0x0000000008260000)]
  0x0000000002570800 JavaThread "main" [_thread_blocked, id=29552, stack(0x0000000002470000,0x0000000002570000)]

Other Threads:
  0x0000000006fa7000 VMThread [stack: 0x0000000008060000,0x0000000008160000] [id=59768]
  0x000000000703e800 WatcherThread [stack: 0x0000000008e40000,0x0000000008f40000] [id=25976]

VM state:synchronizing (normal execution)

VM Mutex/Monitor currently owned by a thread:  ([mutex/lock_event])
[0x000000000246ba70] Threads_lock - owner thread: 0x0000000006fa7000

Heap:
 PSYoungGen      total 158720K, used 36823K [0x00000000e0000000, 0x00000000ec000000, 0x0000000100000000)
  eden space 131072K, 7% used [0x00000000e0000000,0x00000000e08f9c60,0x00000000e8000000)
  from space 27648K, 99% used [0x00000000e9f00000,0x00000000eb9fc060,0x00000000eba00000)
  to   space 31744K, 0% used [0x00000000e8000000,0x00000000e8000000,0x00000000e9f00000)
 ParOldGen       total 178176K, used 41825K [0x00000000a0000000, 0x00000000aae00000, 0x00000000e0000000)
  object space 178176K, 23% used [0x00000000a0000000,0x00000000a28d8568,0x00000000aae00000)
 Metaspace       used 71069K, capacity 74682K, committed 74712K, reserved 1114112K
  class space    used 9583K, capacity 10238K, committed 10240K, reserved 1048576K

Card table byte_map: [0x0000000002a30000,0x0000000002d40000] byte_map_base: 0x0000000002530000

Marking Bits: (ParMarkBitMap*) 0x000000005ccba5b0
 Begin Bits: [0x0000000003340000, 0x0000000004b40000)
 End Bits:   [0x0000000004b40000, 0x0000000006340000)

Polling page: 0x0000000000a60000

CodeCache: size=245760Kb used=35382Kb max_used=35649Kb free=210377Kb
 bounds [0x000000000ad20000, 0x000000000d030000, 0x0000000019d20000]
 total_blobs=10691 nmethods=9933 adapters=669
 compilation: enabled

Compilation events (10 events):
Event: 840.791 Thread 0x0000000006feb800 11876       1       java.lang.Thread::isDaemon (5 bytes)
Event: 840.791 Thread 0x0000000006feb800 nmethod 11876 0x000000000aee3a90 code [0x000000000aee3be0, 0x000000000aee3cf0]
Event: 840.792 Thread 0x0000000006feb800 11877       1       java.lang.Thread::getPriority (5 bytes)
Event: 840.792 Thread 0x0000000006feb800 nmethod 11877 0x000000000af91e10 code [0x000000000af91f60, 0x000000000af92070]
Event: 844.877 Thread 0x0000000006fdf800 11878       4       java.util.regex.Pattern::atom (379 bytes)
Event: 844.885 Thread 0x0000000006feb800 11879       3       java.util.concurrent.atomic.AtomicBoolean::<init> (18 bytes)
Event: 844.885 Thread 0x0000000006feb800 nmethod 11879 0x000000000b748890 code [0x000000000b748a00, 0x000000000b748c10]
Event: 844.921 Thread 0x0000000006fdf800 nmethod 11878 0x000000000cc4f450 code [0x000000000cc4f8c0, 0x000000000cc50b88]
Event: 848.546 Thread 0x0000000006feb800 11880       1       java.net.InetAddress$InetAddressHolder::getAddress (5 bytes)
Event: 848.546 Thread 0x0000000006feb800 nmethod 11880 0x000000000b297750 code [0x000000000b2978a0, 0x000000000b2979b0]

GC Heap History (10 events):
Event: 661.455 GC heap before
{Heap before GC invocations=21 (full 3):
 PSYoungGen      total 112640K, used 86507K [0x00000000e0000000, 0x00000000e9f80000, 0x0000000100000000)
  eden space 86528K, 99% used [0x00000000e0000000,0x00000000e547ac00,0x00000000e5480000)
  from space 26112K, 0% used [0x00000000e5480000,0x00000000e5480000,0x00000000e6e00000)
  to   space 29696K, 0% used [0x00000000e8280000,0x00000000e8280000,0x00000000e9f80000)
 ParOldGen       total 178176K, used 41117K [0x00000000a0000000, 0x00000000aae00000, 0x00000000e0000000)
  object space 178176K, 23% used [0x00000000a0000000,0x00000000a28274c0,0x00000000aae00000)
 Metaspace       used 61094K, capacity 63664K, committed 63960K, reserved 1103872K
  class space    used 8347K, capacity 8843K, committed 8960K, reserved 1048576K
Event: 661.480 GC heap after
Heap after GC invocations=21 (full 3):
 PSYoungGen      total 129536K, used 8217K [0x00000000e0000000, 0x00000000e9d00000, 0x0000000100000000)
  eden space 102400K, 0% used [0x00000000e0000000,0x00000000e0000000,0x00000000e6400000)
  from space 27136K, 30% used [0x00000000e8280000,0x00000000e8a86520,0x00000000e9d00000)
  to   space 29184K, 0% used [0x00000000e6400000,0x00000000e6400000,0x00000000e8080000)
 ParOldGen       total 178176K, used 41125K [0x00000000a0000000, 0x00000000aae00000, 0x00000000e0000000)
  object space 178176K, 23% used [0x00000000a0000000,0x00000000a28294c0,0x00000000aae00000)
 Metaspace       used 61094K, capacity 63664K, committed 63960K, reserved 1103872K
  class space    used 8347K, capacity 8843K, committed 8960K, reserved 1048576K
}
Event: 665.334 GC heap before
{Heap before GC invocations=22 (full 3):
 PSYoungGen      total 129536K, used 110617K [0x00000000e0000000, 0x00000000e9d00000, 0x0000000100000000)
  eden space 102400K, 100% used [0x00000000e0000000,0x00000000e6400000,0x00000000e6400000)
  from space 27136K, 30% used [0x00000000e8280000,0x00000000e8a86520,0x00000000e9d00000)
  to   space 29184K, 0% used [0x00000000e6400000,0x00000000e6400000,0x00000000e8080000)
 ParOldGen       total 178176K, used 41125K [0x00000000a0000000, 0x00000000aae00000, 0x00000000e0000000)
  object space 178176K, 23% used [0x00000000a0000000,0x00000000a28294c0,0x00000000aae00000)
 Metaspace       used 64404K, capacity 67404K, committed 67544K, reserved 1107968K
  class space    used 8847K, capacity 9426K, committed 9472K, reserved 1048576K
Event: 665.371 GC heap after
Heap after GC invocations=22 (full 3):
 PSYoungGen      total 131584K, used 13853K [0x00000000e0000000, 0x00000000eac00000, 0x0000000100000000)
  eden space 102400K, 0% used [0x00000000e0000000,0x00000000e0000000,0x00000000e6400000)
  from space 29184K, 47% used [0x00000000e6400000,0x00000000e7187708,0x00000000e8080000)
  to   space 27648K, 0% used [0x00000000e9100000,0x00000000e9100000,0x00000000eac00000)
 ParOldGen       total 178176K, used 41133K [0x00000000a0000000, 0x00000000aae00000, 0x00000000e0000000)
  object space 178176K, 23% used [0x00000000a0000000,0x00000000a282b4c0,0x00000000aae00000)
 Metaspace       used 64404K, capacity 67404K, committed 67544K, reserved 1107968K
  class space    used 8847K, capacity 9426K, committed 9472K, reserved 1048576K
}
Event: 682.426 GC heap before
{Heap before GC invocations=23 (full 3):
 PSYoungGen      total 131584K, used 116253K [0x00000000e0000000, 0x00000000eac00000, 0x0000000100000000)
  eden space 102400K, 100% used [0x00000000e0000000,0x00000000e6400000,0x00000000e6400000)
  from space 29184K, 47% used [0x00000000e6400000,0x00000000e7187708,0x00000000e8080000)
  to   space 27648K, 0% used [0x00000000e9100000,0x00000000e9100000,0x00000000eac00000)
 ParOldGen       total 178176K, used 41133K [0x00000000a0000000, 0x00000000aae00000, 0x00000000e0000000)
  object space 178176K, 23% used [0x00000000a0000000,0x00000000a282b4c0,0x00000000aae00000)
 Metaspace       used 67696K, capacity 71180K, committed 71384K, reserved 1110016K
  class space    used 9217K, capacity 9875K, committed 9984K, reserved 1048576K
Event: 682.468 GC heap after
Heap after GC invocations=23 (full 3):
 PSYoungGen      total 142336K, used 14194K [0x00000000e0000000, 0x00000000ea800000, 0x0000000100000000)
  eden space 118784K, 0% used [0x00000000e0000000,0x00000000e0000000,0x00000000e7400000)
  from space 23552K, 60% used [0x00000000e9100000,0x00000000e9edcaa0,0x00000000ea800000)
  to   space 26624K, 0% used [0x00000000e7400000,0x00000000e7400000,0x00000000e8e00000)
 ParOldGen       total 178176K, used 41141K [0x00000000a0000000, 0x00000000aae00000, 0x00000000e0000000)
  object space 178176K, 23% used [0x00000000a0000000,0x00000000a282d4c0,0x00000000aae00000)
 Metaspace       used 67696K, capacity 71180K, committed 71384K, reserved 1110016K
  class space    used 9217K, capacity 9875K, committed 9984K, reserved 1048576K
}
Event: 781.503 GC heap before
{Heap before GC invocations=24 (full 3):
 PSYoungGen      total 142336K, used 132978K [0x00000000e0000000, 0x00000000ea800000, 0x0000000100000000)
  eden space 118784K, 100% used [0x00000000e0000000,0x00000000e7400000,0x00000000e7400000)
  from space 23552K, 60% used [0x00000000e9100000,0x00000000e9edcaa0,0x00000000ea800000)
  to   space 26624K, 0% used [0x00000000e7400000,0x00000000e7400000,0x00000000e8e00000)
 ParOldGen       total 178176K, used 41141K [0x00000000a0000000, 0x00000000aae00000, 0x00000000e0000000)
  object space 178176K, 23% used [0x00000000a0000000,0x00000000a282d4c0,0x00000000aae00000)
 Metaspace       used 70459K, capacity 74110K, committed 74200K, reserved 1114112K
  class space    used 9552K, capacity 10232K, committed 10240K, reserved 1048576K
Event: 781.638 GC heap after
Heap after GC invocations=24 (full 3):
 PSYoungGen      total 145408K, used 18270K [0x00000000e0000000, 0x00000000eba00000, 0x0000000100000000)
  eden space 118784K, 0% used [0x00000000e0000000,0x00000000e0000000,0x00000000e7400000)
  from space 26624K, 68% used [0x00000000e7400000,0x00000000e85d7800,0x00000000e8e00000)
  to   space 27648K, 0% used [0x00000000e9f00000,0x00000000e9f00000,0x00000000eba00000)
 ParOldGen       total 178176K, used 41149K [0x00000000a0000000, 0x00000000aae00000, 0x00000000e0000000)
  object space 178176K, 23% used [0x00000000a0000000,0x00000000a282f4c0,0x00000000aae00000)
 Metaspace       used 70459K, capacity 74110K, committed 74200K, reserved 1114112K
  class space    used 9552K, capacity 10232K, committed 10240K, reserved 1048576K
}
Event: 828.374 GC heap before
{Heap before GC invocations=25 (full 3):
 PSYoungGen      total 145408K, used 137054K [0x00000000e0000000, 0x00000000eba00000, 0x0000000100000000)
  eden space 118784K, 100% used [0x00000000e0000000,0x00000000e7400000,0x00000000e7400000)
  from space 26624K, 68% used [0x00000000e7400000,0x00000000e85d7800,0x00000000e8e00000)
  to   space 27648K, 0% used [0x00000000e9f00000,0x00000000e9f00000,0x00000000eba00000)
 ParOldGen       total 178176K, used 41149K [0x00000000a0000000, 0x00000000aae00000, 0x00000000e0000000)
  object space 178176K, 23% used [0x00000000a0000000,0x00000000a282f4c0,0x00000000aae00000)
 Metaspace       used 71052K, capacity 74618K, committed 74712K, reserved 1114112K
  class space    used 9583K, capacity 10238K, committed 10240K, reserved 1048576K
Event: 828.485 GC heap after
Heap after GC invocations=25 (full 3):
 PSYoungGen      total 158720K, used 27632K [0x00000000e0000000, 0x00000000ec000000, 0x0000000100000000)
  eden space 131072K, 0% used [0x00000000e0000000,0x00000000e0000000,0x00000000e8000000)
  from space 27648K, 99% used [0x00000000e9f00000,0x00000000eb9fc060,0x00000000eba00000)
  to   space 31744K, 0% used [0x00000000e8000000,0x00000000e8000000,0x00000000e9f00000)
 ParOldGen       total 178176K, used 41825K [0x00000000a0000000, 0x00000000aae00000, 0x00000000e0000000)
  object space 178176K, 23% used [0x00000000a0000000,0x00000000a28d8568,0x00000000aae00000)
 Metaspace       used 71052K, capacity 74618K, committed 74712K, reserved 1114112K
  class space    used 9583K, capacity 10238K, committed 10240K, reserved 1048576K
}

Deoptimization events (10 events):
Event: 807.464 Thread 0x000000001f346000 Uncommon trap: reason=class_check action=maybe_recompile pc=0x000000000cd17b14 method=com.sun.org.apache.xerces.internal.dom.ElementImpl.getAttributes()Lorg/w3c/dom/NamedNodeMap; @ 8
Event: 807.464 Thread 0x000000001f346000 Uncommon trap: reason=class_check action=maybe_recompile pc=0x000000000cd17b14 method=com.sun.org.apache.xerces.internal.dom.ElementImpl.getAttributes()Lorg/w3c/dom/NamedNodeMap; @ 8
Event: 807.465 Thread 0x000000001f346000 Uncommon trap: reason=class_check action=maybe_recompile pc=0x000000000cd17b14 method=com.sun.org.apache.xerces.internal.dom.ElementImpl.getAttributes()Lorg/w3c/dom/NamedNodeMap; @ 8
Event: 807.491 Thread 0x000000001f346000 Uncommon trap: reason=unstable_if action=reinterpret pc=0x000000000c784308 method=java.util.concurrent.locks.AbstractQueuedSynchronizer.acquireQueued(Ljava/util/concurrent/locks/AbstractQueuedSynchronizer$Node;I)Z @ 17
Event: 807.552 Thread 0x000000001f346000 Uncommon trap: reason=bimorphic action=maybe_recompile pc=0x000000000cdf6510 method=com.android.utils.XmlUtils.append(Lcom/android/utils/XmlUtils$PositionAwareStringBuilder;Lorg/w3c/dom/Node;Ljava/util/Map;)V @ 1
Event: 807.552 Thread 0x000000001f346000 Uncommon trap: reason=bimorphic action=maybe_recompile pc=0x000000000cdf6510 method=com.android.utils.XmlUtils.append(Lcom/android/utils/XmlUtils$PositionAwareStringBuilder;Lorg/w3c/dom/Node;Ljava/util/Map;)V @ 1
Event: 807.552 Thread 0x000000001f346000 Uncommon trap: reason=bimorphic action=maybe_recompile pc=0x000000000cdf6510 method=com.android.utils.XmlUtils.append(Lcom/android/utils/XmlUtils$PositionAwareStringBuilder;Lorg/w3c/dom/Node;Ljava/util/Map;)V @ 1
Event: 807.552 Thread 0x000000001f346000 Uncommon trap: reason=bimorphic action=maybe_recompile pc=0x000000000cdf6510 method=com.android.utils.XmlUtils.append(Lcom/android/utils/XmlUtils$PositionAwareStringBuilder;Lorg/w3c/dom/Node;Ljava/util/Map;)V @ 1
Event: 807.566 Thread 0x000000001f346000 Uncommon trap: reason=unstable_if action=reinterpret pc=0x000000000cdf250c method=com.android.utils.XmlUtils.append(Lcom/android/utils/XmlUtils$PositionAwareStringBuilder;Lorg/w3c/dom/Node;Ljava/util/Map;)V @ 450
Event: 816.255 Thread 0x000000001f34b800 Uncommon trap: reason=unstable_if action=reinterpret pc=0x000000000b5fd2d8 method=java.util.regex.Matcher.appendReplacement(Ljava/lang/StringBuffer;Ljava/lang/String;)Ljava/util/regex/Matcher; @ 47

Internal exceptions (10 events):
Event: 783.136 Thread 0x000000001f346000 Exception <a 'sun/nio/fs/WindowsException'> (0x00000000e1bdfdb0) thrown at [C:\re\workspace\8-2-build-windows-amd64-cygwin\jdk8u60\4407\hotspot\src\share\vm\prims\jni.cpp, line 709]
Event: 783.136 Thread 0x000000001f346000 Exception <a 'sun/nio/fs/WindowsException'> (0x00000000e1be0a60) thrown at [C:\re\workspace\8-2-build-windows-amd64-cygwin\jdk8u60\4407\hotspot\src\share\vm\prims\jni.cpp, line 709]
Event: 783.137 Thread 0x000000001f346000 Exception <a 'sun/nio/fs/WindowsException'> (0x00000000e1be3ea8) thrown at [C:\re\workspace\8-2-build-windows-amd64-cygwin\jdk8u60\4407\hotspot\src\share\vm\prims\jni.cpp, line 709]
Event: 783.137 Thread 0x000000001f346000 Exception <a 'sun/nio/fs/WindowsException'> (0x00000000e1be49e0) thrown at [C:\re\workspace\8-2-build-windows-amd64-cygwin\jdk8u60\4407\hotspot\src\share\vm\prims\jni.cpp, line 709]
Event: 783.138 Thread 0x000000001f346000 Exception <a 'sun/nio/fs/WindowsException'> (0x00000000e1be6558) thrown at [C:\re\workspace\8-2-build-windows-amd64-cygwin\jdk8u60\4407\hotspot\src\share\vm\prims\jni.cpp, line 709]
Event: 783.138 Thread 0x000000001f346000 Exception <a 'sun/nio/fs/WindowsException'> (0x00000000e1be70c8) thrown at [C:\re\workspace\8-2-build-windows-amd64-cygwin\jdk8u60\4407\hotspot\src\share\vm\prims\jni.cpp, line 709]
Event: 805.737 Thread 0x000000001f346000 Implicit null exception at 0x000000000c6c3e4a to 0x000000000c6c44f1
Event: 806.309 Thread 0x000000001f346000 Implicit null exception at 0x000000000c7d300f to 0x000000000c7d350f
Event: 848.544 Thread 0x000000001f343000 Exception <a 'java/io/IOException'> (0x00000000e083d238) thrown at [C:\re\workspace\8-2-build-windows-amd64-cygwin\jdk8u60\4407\hotspot\src\share\vm\prims\jni.cpp, line 709]
Event: 848.568 Thread 0x000000001f344800 Exception <a 'java/io/IOException'> (0x00000000e000f780) thrown at [C:\re\workspace\8-2-build-windows-amd64-cygwin\jdk8u60\4407\hotspot\src\share\vm\prims\jni.cpp, line 709]

Events (10 events):
Event: 848.547 Thread 0x0000000006feb800 flushing nmethod 0x000000000b715210
Event: 848.547 Thread 0x0000000006feb800 flushing nmethod 0x000000000b721a10
Event: 848.547 Thread 0x0000000006feb800 flushing nmethod 0x000000000b722090
Event: 848.547 Thread 0x0000000006feb800 flushing nmethod 0x000000000b732550
Event: 848.547 Thread 0x0000000006feb800 flushing nmethod 0x000000000b74e510
Event: 848.547 Thread 0x0000000006feb800 flushing nmethod 0x000000000b74f810
Event: 848.547 Thread 0x0000000006feb800 flushing nmethod 0x000000000b7bcc90
Event: 848.547 Thread 0x0000000006feb800 flushing nmethod 0x000000000b7c4b50
Event: 848.547 Thread 0x0000000006feb800 flushing nmethod 0x000000000b7dca50
Event: 848.569 Executing VM operation: RevokeBias


Dynamic libraries:
0x00007ff7df040000 - 0x00007ff7df077000 	C:\Program Files\Java\jdk1.8.0_60\bin\java.exe
0x00007ffa875b0000 - 0x00007ffa8775d000 	C:\windows\SYSTEM32\ntdll.dll
0x00007ffa87460000 - 0x00007ffa8759e000 	C:\windows\system32\KERNEL32.DLL
0x00007ffa849e0000 - 0x00007ffa84af5000 	C:\windows\system32\KERNELBASE.dll
0x00007ffa83290000 - 0x00007ffa8331e000 	C:\windows\system32\apphelp.dll
0x00007ffa68010000 - 0x00007ffa68063000 	C:\windows\AppPatch\AppPatch64\AcGenral.DLL
0x00007ffa85060000 - 0x00007ffa8510a000 	C:\windows\system32\msvcrt.dll
0x00007ffa84bb0000 - 0x00007ffa84bde000 	C:\windows\system32\SspiCli.dll
0x00007ffa87060000 - 0x00007ffa870b4000 	C:\windows\system32\SHLWAPI.dll
0x00007ffa87180000 - 0x00007ffa872f7000 	C:\windows\system32\USER32.dll
0x00007ffa84c30000 - 0x00007ffa84dc4000 	C:\windows\system32\ole32.dll
0x00007ffa857f0000 - 0x00007ffa86d19000 	C:\windows\system32\SHELL32.dll
0x00007ffa83c90000 - 0x00007ffa83cb1000 	C:\windows\SYSTEM32\USERENV.dll
0x00007ffa85560000 - 0x00007ffa8560a000 	C:\windows\system32\ADVAPI32.dll
0x00007ffa756c0000 - 0x00007ffa756de000 	C:\windows\SYSTEM32\MPR.dll
0x00007ffa86dd0000 - 0x00007ffa86f10000 	C:\windows\system32\RPCRT4.dll
0x00007ffa85000000 - 0x00007ffa85059000 	C:\windows\SYSTEM32\sechost.dll
0x00007ffa85340000 - 0x00007ffa85552000 	C:\windows\SYSTEM32\combase.dll
0x00007ffa86f10000 - 0x00007ffa8705b000 	C:\windows\system32\GDI32.dll
0x00007ffa846d0000 - 0x00007ffa846e5000 	C:\windows\SYSTEM32\profapi.dll
0x00007ffa816d0000 - 0x00007ffa81782000 	C:\windows\SYSTEM32\SHCORE.dll
0x00007ffa86d30000 - 0x00007ffa86d66000 	C:\windows\system32\IMM32.DLL
0x00007ffa85110000 - 0x00007ffa85262000 	C:\windows\system32\MSCTF.dll
0x00007ffa80df0000 - 0x00007ffa8106b000 	C:\windows\WinSxS\amd64_microsoft.windows.common-controls_6595b64144ccf1df_6.0.9600.18006_none_623f33d3ecbe86e8\COMCTL32.dll
0x0000000061080000 - 0x00000000610ec000 	c:\program files (x86)\f-secure\hips\fshook64.dll
0x00007ffa84dd0000 - 0x00007ffa84dd7000 	C:\windows\system32\PSAPI.DLL
0x000000005d9c0000 - 0x000000005da92000 	C:\Program Files\Java\jdk1.8.0_60\jre\bin\msvcr100.dll
0x000000005c4b0000 - 0x000000005cd39000 	C:\Program Files\Java\jdk1.8.0_60\jre\bin\server\jvm.dll
0x00007ffa65250000 - 0x00007ffa65259000 	C:\windows\SYSTEM32\WSOCK32.dll
0x00007ffa7f8a0000 - 0x00007ffa7f8c2000 	C:\windows\SYSTEM32\WINMM.dll
0x00007ffa80520000 - 0x00007ffa8052a000 	C:\windows\SYSTEM32\VERSION.dll
0x00007ffa86d70000 - 0x00007ffa86dca000 	C:\windows\system32\WS2_32.dll
0x00007ffa7f6b0000 - 0x00007ffa7f6da000 	C:\windows\SYSTEM32\WINMMBASE.dll
0x00007ffa875a0000 - 0x00007ffa875a9000 	C:\windows\system32\NSI.dll
0x00007ffa84be0000 - 0x00007ffa84c2f000 	C:\windows\SYSTEM32\cfgmgr32.dll
0x00007ffa834f0000 - 0x00007ffa83518000 	C:\windows\SYSTEM32\DEVOBJ.dll
0x00000000600e0000 - 0x00000000600ef000 	C:\Program Files\Java\jdk1.8.0_60\jre\bin\verify.dll
0x000000005fc90000 - 0x000000005fcb9000 	C:\Program Files\Java\jdk1.8.0_60\jre\bin\java.dll
0x000000005fc70000 - 0x000000005fc86000 	C:\Program Files\Java\jdk1.8.0_60\jre\bin\zip.dll
0x000000005fc50000 - 0x000000005fc6a000 	C:\Program Files\Java\jdk1.8.0_60\jre\bin\net.dll
0x00007ffa83f00000 - 0x00007ffa83f59000 	C:\windows\system32\mswsock.dll
0x000000005fc30000 - 0x000000005fc41000 	C:\Program Files\Java\jdk1.8.0_60\jre\bin\nio.dll
0x00007ffa74800000 - 0x00007ffa7481e000 	C:\Users\Omistaja\.gradle\native\23\windows-amd64\native-platform.dll
0x00007ffa83f60000 - 0x00007ffa83f80000 	C:\windows\SYSTEM32\CRYPTSP.dll
0x00007ffa83b80000 - 0x00007ffa83bb6000 	C:\windows\system32\rsaenh.dll
0x00007ffa841b0000 - 0x00007ffa841d6000 	C:\windows\SYSTEM32\bcrypt.dll
0x00007ffa844d0000 - 0x00007ffa84533000 	C:\windows\system32\bcryptprimitives.dll
0x00007ffa84540000 - 0x00007ffa8454b000 	C:\windows\SYSTEM32\CRYPTBASE.dll
0x00007ffa7db10000 - 0x00007ffa7db3a000 	C:\windows\SYSTEM32\IPHLPAPI.DLL
0x00007ffa7db00000 - 0x00007ffa7db0a000 	C:\windows\SYSTEM32\WINNSI.DLL
0x00007ffa7d450000 - 0x00007ffa7d466000 	C:\windows\SYSTEM32\dhcpcsvc6.DLL
0x00007ffa7d630000 - 0x00007ffa7d64a000 	C:\windows\SYSTEM32\dhcpcsvc.DLL
0x00000000600d0000 - 0x00000000600dd000 	C:\Program Files\Java\jdk1.8.0_60\jre\bin\management.dll
0x00007ffa7e820000 - 0x00007ffa7e9a9000 	C:\windows\SYSTEM32\dbghelp.dll

VM Arguments:
jvm_args: -Xmx1536m -Dfile.encoding=windows-1252 -Duser.country=GB -Duser.language=en -Duser.variant 
java_command: org.gradle.launcher.daemon.bootstrap.GradleDaemon 3.3
java_class_path (initial): C:\Users\Omistaja\.gradle\wrapper\dists\gradle-3.3-all\55gk2rcmfc6p2dg9u9ohc3hw9\gradle-3.3\lib\gradle-launcher-3.3.jar
Launcher Type: SUN_STANDARD

Environment Variables:
PATH=C:\ProgramData\Oracle\Java\javapath;C:\windows\system32;C:\windows;C:\windows\System32\Wbem;C:\windows\System32\WindowsPowerShell\v1.0\;C:\Program Files (x86)\NVIDIA Corporation\PhysX\Common;c:\program files\d3dgear;C:\Program Files (x86)\Skype\Phone\;c:\program files\d3dgear;C:\Program Files\Git\cmd
USERNAME=Omistaja
OS=Windows_NT
PROCESSOR_IDENTIFIER=Intel64 Family 6 Model 69 Stepping 1, GenuineIntel



---------------  S Y S T E M  ---------------

OS: Windows 8.1 , 64 bit Build 9600 (6.3.9600.17415)

CPU:total 4 (2 cores per cpu, 2 threads per core) family 6 model 69 stepping 1, cmov, cx8, fxsr, mmx, sse, sse2, sse3, ssse3, sse4.1, sse4.2, popcnt, avx, avx2, aes, clmul, erms, lzcnt, ht, tsc, tscinvbit, bmi1, bmi2

Memory: 4k page, physical 8278296k(1964936k free), swap 33444120k(1004384k free)

vm_info: Java HotSpot(TM) 64-Bit Server VM (25.60-b23) for windows-amd64 JRE (1.8.0_60-b27), built on Aug  4 2015 11:06:27 by "java_re" with MS VC++ 10.0 (VS2010)

time: Wed Aug 30 21:40:23 2017
elapsed time: 853 seconds (0d 0h 14m 13s)

